2024-10-23T16:03:45.832Z - info: Website generation started at 12:03:45 AM
2024-10-23T16:03:45.942Z - info: Building assets...
2024-10-23T16:03:46.103Z - info: Assets built
2024-10-23T16:03:46.103Z - info: Generating pages...
2024-10-23T16:04:33.350Z - warn: You might have an invalid intra-link! Ignore this warning if it was intended.
'/dashboards/contents/cs2103/url' found in file '/Users/damithch/Repos/nus-cs2103/dashboards-base/contents/cs2103/forum-activities-panels-fragment.md'
2024-10-23T16:04:33.351Z - info: Pages built
2024-10-23T16:04:33.429Z - info: Site data built
2024-10-23T16:04:33.429Z - info: Website generation complete! Total build time: 47.687s
2024-10-23T16:04:33.429Z - info: Build success!
2024-10-23T16:04:43.878Z - info: The website has been deployed at: https://nus-cs2103-ay2425s1.github.io/dashboards
2024-10-24T02:58:54.825Z - info: Website generation started at 10:58:54 AM
2024-10-24T02:58:54.939Z - info: Building assets...
2024-10-24T02:58:55.080Z - info: Assets built
2024-10-24T02:58:55.080Z - info: Generating pages...
2024-10-24T02:58:55.473Z - info: Pages built
2024-10-24T02:58:55.564Z - info: Site data built
2024-10-24T02:58:55.564Z - info: Website generation complete! Total build time: 0.943s
2024-10-24T02:58:55.564Z - info: Build success!
2024-10-24T02:58:59.734Z - info: The website has been deployed at: https://nus-tic2002-ay2425s1.github.io/dashboards
2024-10-24T03:17:40.031Z - info: Website generation started at 11:17:39 AM
2024-10-24T03:17:40.105Z - info: Building assets...
2024-10-24T03:17:40.187Z - info: Assets built
2024-10-24T03:17:40.188Z - info: Generating pages...
2024-10-24T03:18:27.110Z - warn: You might have an invalid intra-link! Ignore this warning if it was intended.
'/dashboards/contents/cs2103/url' found in file '/Users/damithch/Repos/nus-cs2103/dashboards-base/contents/cs2103/forum-activities-panels-fragment.md'
2024-10-24T03:18:27.111Z - info: Pages built
2024-10-24T03:18:27.175Z - info: Site data built
2024-10-24T03:18:27.175Z - info: Website generation complete! Total build time: 47.222s
2024-10-24T03:18:27.175Z - info: Build success!
2024-10-24T03:18:37.511Z - info: The website has been deployed at: https://nus-cs2103-ay2425s1.github.io/dashboards
2024-10-24T03:20:18.959Z - info: Website generation started at 11:20:18 AM
2024-10-24T03:20:19.020Z - info: Building assets...
2024-10-24T03:20:19.155Z - info: Assets built
2024-10-24T03:20:19.155Z - info: Generating pages...
2024-10-24T03:20:22.879Z - info: Pages built
2024-10-24T03:20:22.945Z - info: Site data built
2024-10-24T03:20:22.945Z - info: Website generation complete! Total build time: 4.044s
2024-10-24T03:20:22.945Z - info: Build success!
2024-10-24T03:20:27.583Z - info: The website has been deployed at: https://nus-cs2113-ay2425s1.github.io/dashboards
2024-10-24T03:44:34.851Z - info: Website generation started at 11:44:34 AM
2024-10-24T03:44:34.937Z - info: Building assets...
