2024-11-11T03:58:18.057Z - info: Website generation started at 11:58:17 AM
2024-11-11T03:58:18.250Z - info: Building assets...
2024-11-11T03:58:18.355Z - info: Assets built
2024-11-11T03:58:18.355Z - info: Generating pages...
2024-11-11T03:58:18.743Z - info: Pages built
2024-11-11T03:58:18.810Z - info: Site data built
2024-11-11T03:58:18.810Z - info: Website generation complete! Total build time: 0.844s
2024-11-11T03:58:18.810Z - info: Build success!
2024-11-11T03:58:23.772Z - info: The website has been deployed at: https://nus-tic2002-ay2425s1.github.io/dashboards
2024-11-11T04:11:34.137Z - info: Website generation started at 12:11:34 PM
2024-11-11T04:11:34.242Z - info: Building assets...
2024-11-11T04:11:34.325Z - info: Assets built
2024-11-11T04:11:34.325Z - info: Generating pages...
2024-11-11T04:12:37.761Z - warn: You might have an invalid intra-link! Ignore this warning if it was intended.
'/dashboards/contents/cs2103/url' found in file '/Users/damithch/Repos/nus-cs2103/dashboards-base/contents/cs2103/forum-activities-panels-fragment.md'
2024-11-11T04:12:37.762Z - info: Pages built
2024-11-11T04:12:37.825Z - info: Site data built
2024-11-11T04:12:37.825Z - info: Website generation complete! Total build time: 63.75s
2024-11-11T04:12:37.825Z - info: Build success!
2024-11-11T04:12:49.609Z - info: The website has been deployed at: https://nus-cs2103-ay2425s1.github.io/dashboards
2024-11-11T04:14:59.278Z - info: Website generation started at 12:14:59 PM
2024-11-11T04:14:59.377Z - info: Building assets...
