2024-11-02T04:24:38.852Z - info: Website generation started at 12:24:38 PM
2024-11-02T04:24:39.003Z - info: Building assets...
2024-11-02T04:24:39.089Z - info: Assets built
2024-11-02T04:24:39.090Z - info: Generating pages...
2024-11-02T04:24:39.461Z - info: Pages built
2024-11-02T04:24:39.526Z - info: Site data built
2024-11-02T04:24:39.527Z - info: Website generation complete! Total build time: 0.75s
2024-11-02T04:24:39.527Z - info: Build success!
2024-11-02T04:24:43.500Z - info: The website has been deployed at: https://nus-tic2002-ay2425s1.github.io/dashboards
2024-11-02T04:46:15.754Z - info: Website generation started at 12:46:15 PM
2024-11-02T04:46:15.845Z - info: Building assets...
2024-11-02T04:46:15.920Z - info: Assets built
2024-11-02T04:46:15.921Z - info: Generating pages...
2024-11-02T04:47:09.273Z - warn: You might have an invalid intra-link! Ignore this warning if it was intended.
'/dashboards/contents/cs2103/url' found in file '/Users/damithch/Repos/nus-cs2103/dashboards-base/contents/cs2103/forum-activities-panels-fragment.md'
2024-11-02T04:47:09.274Z - info: Pages built
2024-11-02T04:47:09.342Z - info: Site data built
2024-11-02T04:47:09.342Z - info: Website generation complete! Total build time: 53.654s
2024-11-02T04:47:09.342Z - info: Build success!
2024-11-02T04:47:19.592Z - info: The website has been deployed at: https://nus-cs2103-ay2425s1.github.io/dashboards
2024-11-02T04:48:59.434Z - info: Website generation started at 12:48:59 PM
2024-11-02T04:48:59.525Z - info: Building assets...
