2024-10-28T02:36:39.168Z - info: Website generation started at 10:36:39 AM
2024-10-28T02:36:39.271Z - info: Building assets...
2024-10-28T02:36:39.359Z - info: Assets built
2024-10-28T02:36:39.359Z - info: Generating pages...
2024-10-28T02:36:39.749Z - info: Pages built
2024-10-28T02:36:39.815Z - info: Site data built
2024-10-28T02:36:39.815Z - info: Website generation complete! Total build time: 0.714s
2024-10-28T02:36:39.815Z - info: Build success!
2024-10-28T02:36:43.953Z - info: The website has been deployed at: https://nus-tic2002-ay2425s1.github.io/dashboards
2024-10-28T02:56:36.457Z - info: Website generation started at 10:56:36 AM
2024-10-28T02:56:36.553Z - info: Building assets...
2024-10-28T02:56:36.636Z - info: Assets built
2024-10-28T02:56:36.637Z - info: Generating pages...
2024-10-28T02:57:28.335Z - warn: You might have an invalid intra-link! Ignore this warning if it was intended.
'/dashboards/contents/cs2103/url' found in file '/Users/damithch/Repos/nus-cs2103/dashboards-base/contents/cs2103/forum-activities-panels-fragment.md'
2024-10-28T02:57:28.336Z - info: Pages built
2024-10-28T02:57:28.405Z - info: Site data built
2024-10-28T02:57:28.405Z - info: Website generation complete! Total build time: 52.021s
2024-10-28T02:57:28.405Z - info: Build success!
2024-10-28T02:57:38.558Z - info: The website has been deployed at: https://nus-cs2103-ay2425s1.github.io/dashboards
2024-10-28T02:59:05.344Z - info: Website generation started at 10:59:05 AM
2024-10-28T02:59:05.402Z - info: Building assets...
