2024-10-26T03:17:16.484Z - info: Website generation started at 11:17:16 AM
2024-10-26T03:17:16.571Z - info: Building assets...
2024-10-26T03:17:16.654Z - info: Assets built
2024-10-26T03:17:16.654Z - info: Generating pages...
2024-10-26T03:17:17.034Z - info: Pages built
2024-10-26T03:17:17.096Z - info: Site data built
2024-10-26T03:17:17.097Z - info: Website generation complete! Total build time: 0.669s
2024-10-26T03:17:17.097Z - info: Build success!
2024-10-26T03:17:21.323Z - info: The website has been deployed at: https://nus-tic2002-ay2425s1.github.io/dashboards
2024-10-26T03:35:57.207Z - info: Website generation started at 11:35:57 AM
2024-10-26T03:35:57.301Z - info: Building assets...
2024-10-26T03:35:57.377Z - info: Assets built
2024-10-26T03:35:57.378Z - info: Generating pages...
2024-10-26T03:36:51.970Z - warn: You might have an invalid intra-link! Ignore this warning if it was intended.
'/dashboards/contents/cs2103/url' found in file '/Users/damithch/Repos/nus-cs2103/dashboards-base/contents/cs2103/forum-activities-panels-fragment.md'
2024-10-26T03:36:51.971Z - info: Pages built
2024-10-26T03:36:52.038Z - info: Site data built
2024-10-26T03:36:52.038Z - info: Website generation complete! Total build time: 54.887s
2024-10-26T03:36:52.038Z - info: Build success!
2024-10-26T03:37:02.365Z - info: The website has been deployed at: https://nus-cs2103-ay2425s1.github.io/dashboards
2024-10-26T03:38:35.535Z - info: Website generation started at 11:38:35 AM
2024-10-26T03:38:35.595Z - info: Building assets...
